<?xml version="1.0" encoding="UTF-8"?>
<testsuites>
  <testsuite name="performing_a_yahoo_search1" timestamp="2018-10-31T22:44:48" time="12.029" tests="0" failures="0" errors="0" skipped="0">
    <properties>
      <property name="specId" value="9888d384059a4566c4ba9ee5c2902b02"/>
      <property name="suiteName" value="Performing a Yahoo Search1"/>
      <property name="capabilities" value="chrome"/>
    </properties>
  </testsuite>
  <testsuite name="performing_a_search_operation11" timestamp="2018-10-31T22:44:48" time="7.518" tests="4" failures="0" errors="1" skipped="1">
    <properties>
      <property name="specId" value="9888d384059a4566c4ba9ee5c2902b02"/>
      <property name="suiteName" value="Performing a search operation11"/>
      <property name="capabilities" value="chrome"/>
    </properties>
    <testcase classname="chrome.Performing a search operation11" name="I am on the search page9" time="14.209"/>
    <testcase classname="chrome.Performing a search operation11" name="I enter &quot;Selenium Webdriver&quot; into the search box12" time="8.98"/>
    <testcase classname="chrome.Performing a search operation11" name="I click the search button13" time="8.112">
      <error message="&#xA;An element could not be located on the page using the given search parameters (&quot;//div[@class=&quot;mag-glass&quot;]&quot;).&#xA;"/>
      <system-err>
        <![CDATA[
Error: An element could not be located on the page using the given search parameters ("//div[@class="mag-glass"]").
    at click() -     at C:\Users\Tejaswi\Desktop\Cucumber2\webdriverIO-with-cucumberBDD\node_modules\wdio-sync\build\index.js:316:3
]]>
      </system-err>
    </testcase>
    <testcase classname="chrome.Performing a search operation11" name="I should see a list of search results14" time="0">
      <skipped/>
    </testcase>
  </testsuite>
  <testsuite name="performing_a_search_operation_with_passing_test_data_as_data_table23" timestamp="2018-10-31T22:44:56" time="4.465" tests="4" failures="0" errors="1" skipped="1">
    <properties>
      <property name="specId" value="9888d384059a4566c4ba9ee5c2902b02"/>
      <property name="suiteName" value="Performing a search operation with passing test data as data table23"/>
      <property name="capabilities" value="chrome"/>
    </properties>
    <testcase classname="chrome.Performing a search operation with passing test data as data table23" name="I am on the search page9" time="6.667"/>
    <testcase classname="chrome.Performing a search operation with passing test data as data table23" name="I enter &quot;Selenium Webdriver&quot; into the search box17" time="3.278"/>
    <testcase classname="chrome.Performing a search operation with passing test data as data table23" name="I click the search button18" time="2.817">
      <error message="&#xA;An element could not be located on the page using the given search parameters (&quot;//div[@class=&quot;mag-glass&quot;]&quot;).&#xA;"/>
      <system-err>
        <![CDATA[
Error: An element could not be located on the page using the given search parameters ("//div[@class="mag-glass"]").
    at click() -     at C:\Users\Tejaswi\Desktop\Cucumber2\webdriverIO-with-cucumberBDD\node_modules\wdio-sync\build\index.js:316:3
]]>
      </system-err>
    </testcase>
    <testcase classname="chrome.Performing a search operation with passing test data as data table23" name="I should see a list of search results19" time="0">
      <skipped/>
    </testcase>
  </testsuite>
</testsuites>